<?xml version="1.0" encoding="UTF-8"?>
<testng-results ignored="0" total="1" passed="1" failed="0" skipped="0">
  <reporter-output>
  </reporter-output>
  <suite started-at="2022-11-12T20:05:40 PKT" name="Default suite" finished-at="2022-11-12T20:05:43 PKT" duration-ms="3192">
    <groups>
    </groups>
    <test started-at="2022-11-12T20:05:40 PKT" name="Default test" finished-at="2022-11-12T20:05:43 PKT" duration-ms="3192">
      <class name="org.example.testcases.req_res">
        <test-method signature="updateUser()[pri:1, instance:org.example.testcases.req_res@130161f7]" started-at="2022-11-12T20:05:40 PKT" name="updateUser" finished-at="2022-11-12T20:05:43 PKT" duration-ms="3163" status="PASS">
          <reporter-output>
          </reporter-output>
        </test-method> <!-- updateUser -->
      </class> <!-- org.example.testcases.req_res -->
    </test> <!-- Default test -->
  </suite> <!-- Default suite -->
</testng-results>
